

Processing InfoController#properties (for 127.0.0.1 at 2008-05-13 18:21:50) [GET]
  Session ID: 2d6374c6d24d244aac6e0d95d9579e25
  Parameters: {"action"=>"properties", "controller"=>"rails/info"}


Processing InfoController#properties (for 127.0.0.1 at 2008-05-13 18:21:50) [GET]
  Session ID: 2d6374c6d24d244aac6e0d95d9579e25
  Parameters: {"action"=>"properties", "controller"=>"rails/info"}


Mysql::Error (Unknown database 'lifestream_development'):
    /Library/Ruby/Gems/1.8/gems/activerecord-2.0.991/lib/active_record/connection_adapters/mysql_adapter.rb:505:in `real_connect'
    /Library/Ruby/Gems/1.8/gems/activerecord-2.0.991/lib/active_record/connection_adapters/mysql_adapter.rb:505:in `connect'
    /Library/Ruby/Gems/1.8/gems/activerecord-2.0.991/lib/active_record/connection_adapters/mysql_adapter.rb:183:in `initialize'
    /Library/Ruby/Gems/1.8/gems/activerecord-2.0.991/lib/active_record/connection_adapters/mysql_adapter.rb:88:in `new'
    /Library/Ruby/Gems/1.8/gems/activerecord-2.0.991/lib/active_record/connection_adapters/mysql_adapter.rb:88:in `mysql_connection'
    /Library/Ruby/Gems/1.8/gems/activerecord-2.0.991/lib/active_record/connection_adapters/abstract/connection_specification.rb:292:in `send'
    /Library/Ruby/Gems/1.8/gems/activerecord-2.0.991/lib/active_record/connection_adapters/abstract/connection_specification.rb:292:in `connection='
    /Library/Ruby/Gems/1.8/gems/activerecord-2.0.991/lib/active_record/connection_adapters/abstract/connection_specification.rb:260:in `retrieve_connection'
    /Library/Ruby/Gems/1.8/gems/activerecord-2.0.991/lib/active_record/connection_adapters/abstract/connection_specification.rb:78:in `connection'
    /Library/Ruby/Gems/1.8/gems/activerecord-2.0.991/lib/active_record/query_cache.rb:8:in `cache'
    /Library/Ruby/Gems/1.8/gems/actionpack-2.0.991/lib/action_controller/caching/sql_cache.rb:12:in `perform_action'
    /Library/Ruby/Gems/1.8/gems/actionpack-2.0.991/lib/action_controller/base.rb:528:in `send'
    /Library/Ruby/Gems/1.8/gems/actionpack-2.0.991/lib/action_controller/base.rb:528:in `process_without_filters'
    /Library/Ruby/Gems/1.8/gems/actionpack-2.0.991/lib/action_controller/filters.rb:569:in `process_without_session_management_support'
    /Library/Ruby/Gems/1.8/gems/actionpack-2.0.991/lib/action_controller/session_management.rb:130:in `process'
    /Library/Ruby/Gems/1.8/gems/actionpack-2.0.991/lib/action_controller/base.rb:389:in `process'
    /Library/Ruby/Gems/1.8/gems/actionpack-2.0.991/lib/action_controller/dispatcher.rb:149:in `handle_request'
    /Library/Ruby/Gems/1.8/gems/actionpack-2.0.991/lib/action_controller/dispatcher.rb:107:in `dispatch'
    /Library/Ruby/Gems/1.8/gems/actionpack-2.0.991/lib/action_controller/dispatcher.rb:104:in `synchronize'
    /Library/Ruby/Gems/1.8/gems/actionpack-2.0.991/lib/action_controller/dispatcher.rb:104:in `dispatch'
    /Library/Ruby/Gems/1.8/gems/actionpack-2.0.991/lib/action_controller/dispatcher.rb:120:in `dispatch_cgi'
    /Library/Ruby/Gems/1.8/gems/actionpack-2.0.991/lib/action_controller/dispatcher.rb:35:in `dispatch'
    /System/Library/Frameworks/Ruby.framework/Versions/1.8/usr/lib/ruby/gems/1.8/gems/mongrel-1.0.1/lib/mongrel/rails.rb:78:in `process'
    /System/Library/Frameworks/Ruby.framework/Versions/1.8/usr/lib/ruby/gems/1.8/gems/mongrel-1.0.1/lib/mongrel/rails.rb:76:in `synchronize'
    /System/Library/Frameworks/Ruby.framework/Versions/1.8/usr/lib/ruby/gems/1.8/gems/mongrel-1.0.1/lib/mongrel/rails.rb:76:in `process'
    /System/Library/Frameworks/Ruby.framework/Versions/1.8/usr/lib/ruby/gems/1.8/gems/mongrel-1.0.1/lib/mongrel.rb:618:in `process_client'
    /System/Library/Frameworks/Ruby.framework/Versions/1.8/usr/lib/ruby/gems/1.8/gems/mongrel-1.0.1/lib/mongrel.rb:617:in `each'
    /System/Library/Frameworks/Ruby.framework/Versions/1.8/usr/lib/ruby/gems/1.8/gems/mongrel-1.0.1/lib/mongrel.rb:617:in `process_client'
    /System/Library/Frameworks/Ruby.framework/Versions/1.8/usr/lib/ruby/gems/1.8/gems/mongrel-1.0.1/lib/mongrel.rb:736:in `run'
    /System/Library/Frameworks/Ruby.framework/Versions/1.8/usr/lib/ruby/gems/1.8/gems/mongrel-1.0.1/lib/mongrel.rb:736:in `initialize'
    /System/Library/Frameworks/Ruby.framework/Versions/1.8/usr/lib/ruby/gems/1.8/gems/mongrel-1.0.1/lib/mongrel.rb:736:in `new'
    /System/Library/Frameworks/Ruby.framework/Versions/1.8/usr/lib/ruby/gems/1.8/gems/mongrel-1.0.1/lib/mongrel.rb:736:in `run'
    /System/Library/Frameworks/Ruby.framework/Versions/1.8/usr/lib/ruby/gems/1.8/gems/mongrel-1.0.1/lib/mongrel.rb:720:in `initialize'
    /System/Library/Frameworks/Ruby.framework/Versions/1.8/usr/lib/ruby/gems/1.8/gems/mongrel-1.0.1/lib/mongrel.rb:720:in `new'
    /System/Library/Frameworks/Ruby.framework/Versions/1.8/usr/lib/ruby/gems/1.8/gems/mongrel-1.0.1/lib/mongrel.rb:720:in `run'
    /System/Library/Frameworks/Ruby.framework/Versions/1.8/usr/lib/ruby/gems/1.8/gems/mongrel-1.0.1/lib/mongrel/configurator.rb:271:in `run'
    /System/Library/Frameworks/Ruby.framework/Versions/1.8/usr/lib/ruby/gems/1.8/gems/mongrel-1.0.1/lib/mongrel/configurator.rb:270:in `each'
    /System/Library/Frameworks/Ruby.framework/Versions/1.8/usr/lib/ruby/gems/1.8/gems/mongrel-1.0.1/lib/mongrel/configurator.rb:270:in `run'
    /System/Library/Frameworks/Ruby.framework/Versions/1.8/usr/lib/ruby/gems/1.8/gems/mongrel-1.0.1/bin/mongrel_rails:127:in `run'
    /System/Library/Frameworks/Ruby.framework/Versions/1.8/usr/lib/ruby/gems/1.8/gems/mongrel-1.0.1/lib/mongrel/command.rb:211:in `run'
    /System/Library/Frameworks/Ruby.framework/Versions/1.8/usr/lib/ruby/gems/1.8/gems/mongrel-1.0.1/bin/mongrel_rails:243
    /Library/Ruby/Gems/1.8/gems/activesupport-2.0.991/lib/active_support/dependencies.rb:501:in `load'
    /Library/Ruby/Gems/1.8/gems/activesupport-2.0.991/lib/active_support/dependencies.rb:501:in `load'
    /Library/Ruby/Gems/1.8/gems/activesupport-2.0.991/lib/active_support/dependencies.rb:353:in `new_constants_in'
    /Library/Ruby/Gems/1.8/gems/activesupport-2.0.991/lib/active_support/dependencies.rb:501:in `load'
    /Library/Ruby/Gems/1.8/gems/rails-2.0.991/lib/commands/servers/mongrel.rb:64
    /Library/Ruby/Site/1.8/rubygems/custom_require.rb:27:in `gem_original_require'
    /Library/Ruby/Site/1.8/rubygems/custom_require.rb:27:in `require'
    /Library/Ruby/Gems/1.8/gems/activesupport-2.0.991/lib/active_support/dependencies.rb:508:in `require'
    /Library/Ruby/Gems/1.8/gems/activesupport-2.0.991/lib/active_support/dependencies.rb:353:in `new_constants_in'
    /Library/Ruby/Gems/1.8/gems/activesupport-2.0.991/lib/active_support/dependencies.rb:508:in `require'
    /Library/Ruby/Gems/1.8/gems/rails-2.0.991/lib/commands/server.rb:39
    /Library/Ruby/Site/1.8/rubygems/custom_require.rb:27:in `gem_original_require'
    /Library/Ruby/Site/1.8/rubygems/custom_require.rb:27:in `require'
    script/server:3

Rendering /Library/Ruby/Gems/1.8/gems/actionpack-2.0.991/lib/action_controller/templates/rescues/layout.erb (internal_server_error)


Processing ApplicationController#index (for 127.0.0.1 at 2008-05-13 18:38:24) [GET]
  Session ID: BAh7BiIKZmxhc2hJQzonQWN0aW9uQ29udHJvbGxlcjo6Rmxhc2g6OkZsYXNo%0ASGFzaHsABjoKQHVzZWR7AA%3D%3D--5e287d99d775ad92388c750851e1cd80356efe4c
  Parameters: {}


ActionController::RoutingError (No route matches "/admin/" with {:method=>:get}):
    /Library/Ruby/Gems/1.8/gems/actionpack-2.0.991/lib/action_controller/routing/recognition_optimisation.rb:67:in `recognize_path'
    /Library/Ruby/Gems/1.8/gems/actionpack-2.0.991/lib/action_controller/routing/route_set.rb:384:in `recognize'
    /Library/Ruby/Gems/1.8/gems/actionpack-2.0.991/lib/action_controller/dispatcher.rb:148:in `handle_request'
    /Library/Ruby/Gems/1.8/gems/actionpack-2.0.991/lib/action_controller/dispatcher.rb:107:in `dispatch'
    /Library/Ruby/Gems/1.8/gems/actionpack-2.0.991/lib/action_controller/dispatcher.rb:104:in `synchronize'
    /Library/Ruby/Gems/1.8/gems/actionpack-2.0.991/lib/action_controller/dispatcher.rb:104:in `dispatch'
    /Library/Ruby/Gems/1.8/gems/actionpack-2.0.991/lib/action_controller/dispatcher.rb:120:in `dispatch_cgi'
    /Library/Ruby/Gems/1.8/gems/actionpack-2.0.991/lib/action_controller/dispatcher.rb:35:in `dispatch'
    /System/Library/Frameworks/Ruby.framework/Versions/1.8/usr/lib/ruby/gems/1.8/gems/mongrel-1.0.1/lib/mongrel/rails.rb:78:in `process'
    /System/Library/Frameworks/Ruby.framework/Versions/1.8/usr/lib/ruby/gems/1.8/gems/mongrel-1.0.1/lib/mongrel/rails.rb:76:in `synchronize'
    /System/Library/Frameworks/Ruby.framework/Versions/1.8/usr/lib/ruby/gems/1.8/gems/mongrel-1.0.1/lib/mongrel/rails.rb:76:in `process'
    /System/Library/Frameworks/Ruby.framework/Versions/1.8/usr/lib/ruby/gems/1.8/gems/mongrel-1.0.1/lib/mongrel.rb:618:in `process_client'
    /System/Library/Frameworks/Ruby.framework/Versions/1.8/usr/lib/ruby/gems/1.8/gems/mongrel-1.0.1/lib/mongrel.rb:617:in `each'
    /System/Library/Frameworks/Ruby.framework/Versions/1.8/usr/lib/ruby/gems/1.8/gems/mongrel-1.0.1/lib/mongrel.rb:617:in `process_client'
    /System/Library/Frameworks/Ruby.framework/Versions/1.8/usr/lib/ruby/gems/1.8/gems/mongrel-1.0.1/lib/mongrel.rb:736:in `run'
    /System/Library/Frameworks/Ruby.framework/Versions/1.8/usr/lib/ruby/gems/1.8/gems/mongrel-1.0.1/lib/mongrel.rb:736:in `initialize'
    /System/Library/Frameworks/Ruby.framework/Versions/1.8/usr/lib/ruby/gems/1.8/gems/mongrel-1.0.1/lib/mongrel.rb:736:in `new'
    /System/Library/Frameworks/Ruby.framework/Versions/1.8/usr/lib/ruby/gems/1.8/gems/mongrel-1.0.1/lib/mongrel.rb:736:in `run'
    /System/Library/Frameworks/Ruby.framework/Versions/1.8/usr/lib/ruby/gems/1.8/gems/mongrel-1.0.1/lib/mongrel.rb:720:in `initialize'
    /System/Library/Frameworks/Ruby.framework/Versions/1.8/usr/lib/ruby/gems/1.8/gems/mongrel-1.0.1/lib/mongrel.rb:720:in `new'
    /System/Library/Frameworks/Ruby.framework/Versions/1.8/usr/lib/ruby/gems/1.8/gems/mongrel-1.0.1/lib/mongrel.rb:720:in `run'
    /System/Library/Frameworks/Ruby.framework/Versions/1.8/usr/lib/ruby/gems/1.8/gems/mongrel-1.0.1/lib/mongrel/configurator.rb:271:in `run'
    /System/Library/Frameworks/Ruby.framework/Versions/1.8/usr/lib/ruby/gems/1.8/gems/mongrel-1.0.1/lib/mongrel/configurator.rb:270:in `each'
    /System/Library/Frameworks/Ruby.framework/Versions/1.8/usr/lib/ruby/gems/1.8/gems/mongrel-1.0.1/lib/mongrel/configurator.rb:270:in `run'
    /System/Library/Frameworks/Ruby.framework/Versions/1.8/usr/lib/ruby/gems/1.8/gems/mongrel-1.0.1/bin/mongrel_rails:127:in `run'
    /System/Library/Frameworks/Ruby.framework/Versions/1.8/usr/lib/ruby/gems/1.8/gems/mongrel-1.0.1/lib/mongrel/command.rb:211:in `run'
    /System/Library/Frameworks/Ruby.framework/Versions/1.8/usr/lib/ruby/gems/1.8/gems/mongrel-1.0.1/bin/mongrel_rails:243
    /Library/Ruby/Gems/1.8/gems/activesupport-2.0.991/lib/active_support/dependencies.rb:501:in `load'
    /Library/Ruby/Gems/1.8/gems/activesupport-2.0.991/lib/active_support/dependencies.rb:501:in `load'
    /Library/Ruby/Gems/1.8/gems/activesupport-2.0.991/lib/active_support/dependencies.rb:353:in `new_constants_in'
    /Library/Ruby/Gems/1.8/gems/activesupport-2.0.991/lib/active_support/dependencies.rb:501:in `load'
    /Library/Ruby/Gems/1.8/gems/rails-2.0.991/lib/commands/servers/mongrel.rb:64
    /Library/Ruby/Site/1.8/rubygems/custom_require.rb:27:in `gem_original_require'
    /Library/Ruby/Site/1.8/rubygems/custom_require.rb:27:in `require'
    /Library/Ruby/Gems/1.8/gems/activesupport-2.0.991/lib/active_support/dependencies.rb:508:in `require'
    /Library/Ruby/Gems/1.8/gems/activesupport-2.0.991/lib/active_support/dependencies.rb:353:in `new_constants_in'
    /Library/Ruby/Gems/1.8/gems/activesupport-2.0.991/lib/active_support/dependencies.rb:508:in `require'
    /Library/Ruby/Gems/1.8/gems/rails-2.0.991/lib/commands/server.rb:39
    /Library/Ruby/Site/1.8/rubygems/custom_require.rb:27:in `gem_original_require'
    /Library/Ruby/Site/1.8/rubygems/custom_require.rb:27:in `require'
    script/server:3

Rendering /Library/Ruby/Gems/1.8/gems/actionpack-2.0.991/lib/action_controller/templates/rescues/layout.erb (not_found)
  [4;36;1mSQL (0.024321)[0m   [0;1mSET NAMES 'utf8'[0m
  [4;35;1mSQL (0.011816)[0m   [0mSET SQL_AUTO_IS_NULL=0[0m
  [4;36;1mSQL (0.056400)[0m   [0;1mCREATE DATABASE `lifestream_development` DEFAULT CHARACTER SET `utf8` COLLATE `utf8_general_ci`[0m
  [4;35;1mSQL (0.000142)[0m   [0mSET NAMES 'utf8'[0m
  [4;36;1mSQL (0.000082)[0m   [0;1mSET SQL_AUTO_IS_NULL=0[0m
  [4;35;1mSQL (0.000509)[0m   [0mCREATE DATABASE `lifestream_production` DEFAULT CHARACTER SET `utf8` COLLATE `utf8_general_ci`[0m
  [4;36;1mSQL (0.000114)[0m   [0;1mSET NAMES 'utf8'[0m
  [4;35;1mSQL (0.000081)[0m   [0mSET SQL_AUTO_IS_NULL=0[0m
  [4;36;1mSQL (0.000530)[0m   [0;1mCREATE DATABASE `lifestream_test` DEFAULT CHARACTER SET `utf8` COLLATE `utf8_general_ci`[0m


Processing InfoController#properties (for 127.0.0.1 at 2008-05-13 18:39:10) [GET]
  Session ID: BAh7BiIKZmxhc2hJQzonQWN0aW9uQ29udHJvbGxlcjo6Rmxhc2g6OkZsYXNo%0ASGFzaHsABjoKQHVzZWR7AA%3D%3D--5e287d99d775ad92388c750851e1cd80356efe4c
  Parameters: {"action"=>"properties", "controller"=>"rails/info"}
  [4;36;1mSQL (0.000249)[0m   [0;1mSET NAMES 'utf8'[0m
  [4;35;1mSQL (0.000077)[0m   [0mSET SQL_AUTO_IS_NULL=0[0m
  [4;36;1mSQL (0.000000)[0m   [0;1mMysql::Error: Table 'lifestream_development.schema_migrations' doesn't exist: SELECT version FROM schema_migrations[0m
Completed in 0.09724 (10 reqs/sec) | Rendering: 0.00120 (1%) | DB: 0.00033 (0%) | 200 OK [http://localhost/rails/info/properties]
  [4;36;1mSQL (0.000199)[0m   [0;1mSET NAMES 'utf8'[0m
  [4;35;1mSQL (0.000114)[0m   [0mSET SQL_AUTO_IS_NULL=0[0m
  [4;36;1mSQL (0.000424)[0m   [0;1mSHOW TABLES[0m
  [4;35;1mSQL (0.020885)[0m   [0mCREATE TABLE `schema_migrations` (`version` varchar(255) NOT NULL) ENGINE=InnoDB[0m
  [4;36;1mSQL (0.005180)[0m   [0;1mCREATE UNIQUE INDEX `unique_schema_migrations` ON `schema_migrations` (`version`)[0m
  [4;35;1mSQL (0.000790)[0m   [0mSHOW TABLES[0m
  [4;36;1mSQL (0.000548)[0m   [0;1mSELECT version FROM schema_migrations[0m
  [4;35;1mSQL (0.000231)[0m   [0mSELECT version FROM schema_migrations[0m
  [4;36;1mSQL (0.000425)[0m   [0;1mSHOW TABLES[0m
  [4;35;1mSQL (0.000092)[0m   [0mSET NAMES 'utf8'[0m
  [4;36;1mSQL (0.000075)[0m   [0;1mSET SQL_AUTO_IS_NULL=0[0m
  [4;35;1mSQL (0.000474)[0m   [0mDROP DATABASE IF EXISTS `lifestream_test`[0m
  [4;36;1mSQL (0.004032)[0m   [0;1mCREATE DATABASE `lifestream_test` DEFAULT CHARACTER SET `utf8`[0m
  [4;35;1mSQL (0.000104)[0m   [0mSET NAMES 'utf8'[0m
  [4;36;1mSQL (0.000074)[0m   [0;1mSET SQL_AUTO_IS_NULL=0[0m
  [4;35;1mSQL (0.000334)[0m   [0mSHOW TABLES[0m
  [4;36;1mSQL (0.001663)[0m   [0;1mCREATE TABLE `schema_migrations` (`version` varchar(255) NOT NULL) ENGINE=InnoDB[0m
  [4;35;1mSQL (0.004636)[0m   [0mCREATE UNIQUE INDEX `unique_schema_migrations` ON `schema_migrations` (`version`)[0m
  [4;36;1mSQL (0.000412)[0m   [0;1mSHOW TABLES[0m
  [4;35;1mSQL (0.000351)[0m   [0mSELECT version FROM `schema_migrations`[0m
  [4;36;1mSQL (0.000446)[0m   [0;1mINSERT INTO `schema_migrations` (version) VALUES ('0')[0m
